14a8 initialise_clink          109 ---- 2021/05/31 18:42:08.779 -------------------------------------------------
14a8 initialise_clink          110 Host process is 'cmd.exe'
14a8 initialise_clink          124 Windows version 10.0.19041 (x64)
14a8 initialise_clink          127 Clink version 1.1.45.1c3985 (x64)
14a8 hook_setter::hook_setter   36 >>> Started hook transaction.
14a8 hook_iat                   53 Attempting to hook IAT for module 00007FF64D8C0000
14a8 hook_iat                   54 Target is (null),SetEnvironmentVariableW (by_name=1)
14a8 pe_info::iterate_imports  154 Checking imports in 'msvcrt.dll'
14a8 pe_info::iterate_imports  154 Checking imports in 'ntdll.dll'
14a8 pe_info::iterate_imports  154 Checking imports in 'api-ms-win-core-kernel32-legacy-l1-1-0.dll'
14a8 pe_info::iterate_imports  154 Checking imports in 'api-ms-win-core-libraryloader-l1-2-0.dll'
14a8 pe_info::iterate_imports  154 Checking imports in 'api-ms-win-core-synch-l1-1-0.dll'
14a8 pe_info::iterate_imports  154 Checking imports in 'api-ms-win-core-heap-l1-1-0.dll'
14a8 pe_info::iterate_imports  154 Checking imports in 'api-ms-win-core-errorhandling-l1-1-0.dll'
14a8 pe_info::iterate_imports  154 Checking imports in 'api-ms-win-core-processthreads-l1-1-0.dll'
14a8 pe_info::iterate_imports  154 Checking imports in 'api-ms-win-core-localization-l1-2-0.dll'
14a8 pe_info::iterate_imports  154 Checking imports in 'api-ms-win-core-debug-l1-1-0.dll'
14a8 pe_info::iterate_imports  154 Checking imports in 'api-ms-win-core-handle-l1-1-0.dll'
14a8 pe_info::iterate_imports  154 Checking imports in 'api-ms-win-core-memory-l1-1-0.dll'
14a8 pe_info::iterate_imports  154 Checking imports in 'api-ms-win-core-console-l1-1-0.dll'
14a8 pe_info::iterate_imports  154 Checking imports in 'api-ms-win-core-file-l1-1-0.dll'
14a8 pe_info::iterate_imports  154 Checking imports in 'api-ms-win-core-string-l1-1-0.dll'
14a8 pe_info::iterate_imports  154 Checking imports in 'api-ms-win-core-processenvironment-l1-1-0.dll'
14a8 hook_iat                   81 Found import at 00007FF64D8F3860 (value = 00007FFD8B97BDE0)
14a8 hook_iat                   53 Attempting to hook IAT for module 00007FFD5BF60000
14a8 hook_iat                   54 Target is (null),SetEnvironmentVariableW (by_name=1)
14a8 pe_info::iterate_imports  154 Checking imports in 'VERSION.dll'
14a8 pe_info::iterate_imports  154 Checking imports in 'SHLWAPI.dll'
14a8 pe_info::iterate_imports  154 Checking imports in 'RPCRT4.dll'
14a8 pe_info::iterate_imports  154 Checking imports in 'dbghelp.dll'
14a8 pe_info::iterate_imports  154 Checking imports in 'KERNEL32.dll'
14a8 hook_iat                   81 Found import at 00007FFD5C042208 (value = 00007FFD8DE109C0)
14a8 hook_iat                   53 Attempting to hook IAT for module 00007FF64D8C0000
14a8 hook_iat                   54 Target is (null),WriteConsoleW (by_name=1)
14a8 pe_info::iterate_imports  154 Checking imports in 'msvcrt.dll'
14a8 pe_info::iterate_imports  154 Checking imports in 'ntdll.dll'
14a8 pe_info::iterate_imports  154 Checking imports in 'api-ms-win-core-kernel32-legacy-l1-1-0.dll'
14a8 pe_info::iterate_imports  154 Checking imports in 'api-ms-win-core-libraryloader-l1-2-0.dll'
14a8 pe_info::iterate_imports  154 Checking imports in 'api-ms-win-core-synch-l1-1-0.dll'
14a8 pe_info::iterate_imports  154 Checking imports in 'api-ms-win-core-heap-l1-1-0.dll'
14a8 pe_info::iterate_imports  154 Checking imports in 'api-ms-win-core-errorhandling-l1-1-0.dll'
14a8 pe_info::iterate_imports  154 Checking imports in 'api-ms-win-core-processthreads-l1-1-0.dll'
14a8 pe_info::iterate_imports  154 Checking imports in 'api-ms-win-core-localization-l1-2-0.dll'
14a8 pe_info::iterate_imports  154 Checking imports in 'api-ms-win-core-debug-l1-1-0.dll'
14a8 pe_info::iterate_imports  154 Checking imports in 'api-ms-win-core-handle-l1-1-0.dll'
14a8 pe_info::iterate_imports  154 Checking imports in 'api-ms-win-core-memory-l1-1-0.dll'
14a8 pe_info::iterate_imports  154 Checking imports in 'api-ms-win-core-console-l1-1-0.dll'
14a8 hook_iat                   81 Found import at 00007FF64D8F34F8 (value = 00007FFD8B921500)
14a8 hook_iat                   53 Attempting to hook IAT for module 00007FFD5BF60000
14a8 hook_iat                   54 Target is (null),WriteConsoleW (by_name=1)
14a8 pe_info::iterate_imports  154 Checking imports in 'VERSION.dll'
14a8 pe_info::iterate_imports  154 Checking imports in 'SHLWAPI.dll'
14a8 pe_info::iterate_imports  154 Checking imports in 'RPCRT4.dll'
14a8 pe_info::iterate_imports  154 Checking imports in 'dbghelp.dll'
14a8 pe_info::iterate_imports  154 Checking imports in 'KERNEL32.dll'
14a8 hook_iat                   81 Found import at 00007FFD5C0420E8 (value = 00007FFD8DE153C0)
14a8 hook_iat                   53 Attempting to hook IAT for module 00007FF64D8C0000
14a8 hook_iat                   54 Target is (null),GetEnvironmentVariableW (by_name=1)
14a8 pe_info::iterate_imports  154 Checking imports in 'msvcrt.dll'
14a8 pe_info::iterate_imports  154 Checking imports in 'ntdll.dll'
14a8 pe_info::iterate_imports  154 Checking imports in 'api-ms-win-core-kernel32-legacy-l1-1-0.dll'
14a8 pe_info::iterate_imports  154 Checking imports in 'api-ms-win-core-libraryloader-l1-2-0.dll'
14a8 pe_info::iterate_imports  154 Checking imports in 'api-ms-win-core-synch-l1-1-0.dll'
14a8 pe_info::iterate_imports  154 Checking imports in 'api-ms-win-core-heap-l1-1-0.dll'
14a8 pe_info::iterate_imports  154 Checking imports in 'api-ms-win-core-errorhandling-l1-1-0.dll'
14a8 pe_info::iterate_imports  154 Checking imports in 'api-ms-win-core-processthreads-l1-1-0.dll'
14a8 pe_info::iterate_imports  154 Checking imports in 'api-ms-win-core-localization-l1-2-0.dll'
14a8 pe_info::iterate_imports  154 Checking imports in 'api-ms-win-core-debug-l1-1-0.dll'
14a8 pe_info::iterate_imports  154 Checking imports in 'api-ms-win-core-handle-l1-1-0.dll'
14a8 pe_info::iterate_imports  154 Checking imports in 'api-ms-win-core-memory-l1-1-0.dll'
14a8 pe_info::iterate_imports  154 Checking imports in 'api-ms-win-core-console-l1-1-0.dll'
14a8 pe_info::iterate_imports  154 Checking imports in 'api-ms-win-core-file-l1-1-0.dll'
14a8 pe_info::iterate_imports  154 Checking imports in 'api-ms-win-core-string-l1-1-0.dll'
14a8 pe_info::iterate_imports  154 Checking imports in 'api-ms-win-core-processenvironment-l1-1-0.dll'
14a8 hook_iat                   81 Found import at 00007FF64D8F3880 (value = 00007FFD8B93A780)
14a8 hook_iat                   53 Attempting to hook IAT for module 00007FFD5BF60000
14a8 hook_iat                   54 Target is (null),GetEnvironmentVariableW (by_name=1)
14a8 pe_info::iterate_imports  154 Checking imports in 'VERSION.dll'
14a8 pe_info::iterate_imports  154 Checking imports in 'SHLWAPI.dll'
14a8 pe_info::iterate_imports  154 Checking imports in 'RPCRT4.dll'
14a8 pe_info::iterate_imports  154 Checking imports in 'dbghelp.dll'
14a8 pe_info::iterate_imports  154 Checking imports in 'KERNEL32.dll'
14a8 hook_iat                   81 Found import at 00007FFD5C042200 (value = 00007FFD8DE0B620)
14a8 hook_setter::commit        88 <<< Hook transaction committed.
14a8 hook_iat                   53 Attempting to hook IAT for module 00007FF64D8C0000
14a8 hook_iat                   54 Target is (null),GetEnvironmentVariableW (by_name=1)
14a8 pe_info::iterate_imports  154 Checking imports in 'msvcrt.dll'
14a8 pe_info::iterate_imports  154 Checking imports in 'ntdll.dll'
14a8 pe_info::iterate_imports  154 Checking imports in 'api-ms-win-core-kernel32-legacy-l1-1-0.dll'
14a8 pe_info::iterate_imports  154 Checking imports in 'api-ms-win-core-libraryloader-l1-2-0.dll'
14a8 pe_info::iterate_imports  154 Checking imports in 'api-ms-win-core-synch-l1-1-0.dll'
14a8 pe_info::iterate_imports  154 Checking imports in 'api-ms-win-core-heap-l1-1-0.dll'
14a8 pe_info::iterate_imports  154 Checking imports in 'api-ms-win-core-errorhandling-l1-1-0.dll'
14a8 pe_info::iterate_imports  154 Checking imports in 'api-ms-win-core-processthreads-l1-1-0.dll'
14a8 pe_info::iterate_imports  154 Checking imports in 'api-ms-win-core-localization-l1-2-0.dll'
14a8 pe_info::iterate_imports  154 Checking imports in 'api-ms-win-core-debug-l1-1-0.dll'
14a8 pe_info::iterate_imports  154 Checking imports in 'api-ms-win-core-handle-l1-1-0.dll'
14a8 pe_info::iterate_imports  154 Checking imports in 'api-ms-win-core-memory-l1-1-0.dll'
14a8 pe_info::iterate_imports  154 Checking imports in 'api-ms-win-core-console-l1-1-0.dll'
14a8 pe_info::iterate_imports  154 Checking imports in 'api-ms-win-core-file-l1-1-0.dll'
14a8 pe_info::iterate_imports  154 Checking imports in 'api-ms-win-core-string-l1-1-0.dll'
14a8 pe_info::iterate_imports  154 Checking imports in 'api-ms-win-core-processenvironment-l1-1-0.dll'
14a8 hook_iat                   81 Found import at 00007FF64D8F3880 (value = 00007FFD5BF70D30)
14a8 hook_setter::hook_setter   36 >>> Started hook transaction.
14a8 hook_setter::add_detour   119 Attempting to hook ReadConsoleW in kernelbase.dll with 00007FFD5BF710C0.
14a8 add_repair_iat_node       135 Attempting to hook IAT for module 00007FFD5BF60000.
14a8 add_repair_iat_node       143 Target is ReadConsoleW (by name).
14a8 pe_info::iterate_imports  154 Checking imports in 'VERSION.dll'
14a8 pe_info::iterate_imports  154 Checking imports in 'SHLWAPI.dll'
14a8 pe_info::iterate_imports  154 Checking imports in 'RPCRT4.dll'
14a8 pe_info::iterate_imports  154 Checking imports in 'dbghelp.dll'
14a8 pe_info::iterate_imports  154 Checking imports in 'KERNEL32.dll'
14a8 add_repair_iat_node       168 Found import at 00007FFD5C0421F8 (value is 00007FFD8DE15370).
14a8 hook_setter::commit        88 <<< Hook transaction committed.
14a8 win_screen_buffer::begin  184 Using native terminal support; found 'conemuhk64.dll'.
14a8 history_db::initialise   1061 master bank ctag: |CTAG_1618867381_483002093_5724_0
14a8 history_db::compact      1231 History:  25 active, 9 deleted
14a8 history_db::compact      1231 History:  26 active, 9 deleted
14a8 history_db::compact      1231 History:  27 active, 9 deleted
14a8 history_db::compact      1231 History:  28 active, 9 deleted
